<?xml version="1.0" encoding="UTF-8"?>
<!-- Generated by org.testng.reporters.JUnitXMLReporter -->
<testsuite ignored="0" hostname="ImransDell" failures="1" tests="1" name="Test2" time="0.014" errors="0" timestamp="2023-11-06T16:13:15 IST">
  <testcase classname="com.example.socialmedia.Parallel" name="parallelExecution" time="0.0">
    <failure type="org.testng.TestNGException" message="
Parameter &amp;apos;browser1&amp;apos; is required by @Test on method parallelExecution but has not been marked @Optional or defined
in D:\Socialmedia\Socialmedia\testng.xml">
      <![CDATA[org.testng.TestNGException: 
Parameter 'browser1' is required by @Test on method parallelExecution but has not been marked @Optional or defined
in D:\Socialmedia\Socialmedia\testng.xml
at java.base/java.util.ArrayList.forEach(ArrayList.java:1511)
... Removed 26 stack frames]]>
    </failure>
  </testcase> <!-- parallelExecution -->
</testsuite> <!-- Test2 -->
