<?xml version="1.0" encoding="UTF-8"?>
<testng-results ignored="0" total="1" passed="1" failed="0" skipped="0">
  <reporter-output>
  </reporter-output>
  <suite started-at="2023-11-07T11:57:58 IST" name="Default suite" finished-at="2023-11-07T11:58:18 IST" duration-ms="20023">
    <groups>
    </groups>
    <test started-at="2023-11-07T11:57:58 IST" name="Default test" finished-at="2023-11-07T11:58:18 IST" duration-ms="20023">
      <class name="com.example.socialmedia.Facebook">
        <test-method signature="uploadImageOnFacebook()[pri:0, instance:com.example.socialmedia.Facebook@957e06]" started-at="2023-11-07T11:57:58 IST" name="uploadImageOnFacebook" finished-at="2023-11-07T11:58:18 IST" duration-ms="19950" status="PASS">
          <reporter-output>
          </reporter-output>
        </test-method> <!-- uploadImageOnFacebook -->
      </class> <!-- com.example.socialmedia.Facebook -->
    </test> <!-- Default test -->
  </suite> <!-- Default suite -->
</testng-results>
